running egg_info
creating ../../build/wall_following_pkg/wall_following_pkg.egg-info
writing ../../build/wall_following_pkg/wall_following_pkg.egg-info/PKG-INFO
writing dependency_links to ../../build/wall_following_pkg/wall_following_pkg.egg-info/dependency_links.txt
writing entry points to ../../build/wall_following_pkg/wall_following_pkg.egg-info/entry_points.txt
writing requirements to ../../build/wall_following_pkg/wall_following_pkg.egg-info/requires.txt
writing top-level names to ../../build/wall_following_pkg/wall_following_pkg.egg-info/top_level.txt
writing manifest file '../../build/wall_following_pkg/wall_following_pkg.egg-info/SOURCES.txt'
reading manifest file '../../build/wall_following_pkg/wall_following_pkg.egg-info/SOURCES.txt'
writing manifest file '../../build/wall_following_pkg/wall_following_pkg.egg-info/SOURCES.txt'
running build
running build_py
creating /ros2_workspace/build/wall_following_pkg/build
creating /ros2_workspace/build/wall_following_pkg/build/lib
creating /ros2_workspace/build/wall_following_pkg/build/lib/wall_following_pkg
copying wall_following_pkg/control_node.py -> /ros2_workspace/build/wall_following_pkg/build/lib/wall_following_pkg
copying wall_following_pkg/__init__.py -> /ros2_workspace/build/wall_following_pkg/build/lib/wall_following_pkg
copying wall_following_pkg/lidar_processing_node.py -> /ros2_workspace/build/wall_following_pkg/build/lib/wall_following_pkg
running install
running install_lib
creating /ros2_workspace/install/wall_following_pkg/lib/python3.8/site-packages/wall_following_pkg
copying /ros2_workspace/build/wall_following_pkg/build/lib/wall_following_pkg/control_node.py -> /ros2_workspace/install/wall_following_pkg/lib/python3.8/site-packages/wall_following_pkg
copying /ros2_workspace/build/wall_following_pkg/build/lib/wall_following_pkg/__init__.py -> /ros2_workspace/install/wall_following_pkg/lib/python3.8/site-packages/wall_following_pkg
copying /ros2_workspace/build/wall_following_pkg/build/lib/wall_following_pkg/lidar_processing_node.py -> /ros2_workspace/install/wall_following_pkg/lib/python3.8/site-packages/wall_following_pkg
byte-compiling /ros2_workspace/install/wall_following_pkg/lib/python3.8/site-packages/wall_following_pkg/control_node.py to control_node.cpython-38.pyc
byte-compiling /ros2_workspace/install/wall_following_pkg/lib/python3.8/site-packages/wall_following_pkg/__init__.py to __init__.cpython-38.pyc
byte-compiling /ros2_workspace/install/wall_following_pkg/lib/python3.8/site-packages/wall_following_pkg/lidar_processing_node.py to lidar_processing_node.cpython-38.pyc
running install_data
creating /ros2_workspace/install/wall_following_pkg/share/ament_index
creating /ros2_workspace/install/wall_following_pkg/share/ament_index/resource_index
creating /ros2_workspace/install/wall_following_pkg/share/ament_index/resource_index/packages
copying resource/wall_following_pkg -> /ros2_workspace/install/wall_following_pkg/share/ament_index/resource_index/packages
copying package.xml -> /ros2_workspace/install/wall_following_pkg/share/wall_following_pkg
creating /ros2_workspace/install/wall_following_pkg/share/wall_following_pkg/launch
copying launch/wall_following_launch.py -> /ros2_workspace/install/wall_following_pkg/share/wall_following_pkg/launch
running install_egg_info
Copying ../../build/wall_following_pkg/wall_following_pkg.egg-info to /ros2_workspace/install/wall_following_pkg/lib/python3.8/site-packages/wall_following_pkg-0.0.0-py3.8.egg-info
running install_scripts
Installing control_node script to /ros2_workspace/install/wall_following_pkg/lib/wall_following_pkg
Installing lidar_processing_node script to /ros2_workspace/install/wall_following_pkg/lib/wall_following_pkg
writing list of installed files to '/ros2_workspace/build/wall_following_pkg/install.log'
