[0.343s] Invoking command in '/ros2_workspace/src/wall_following_pkg': PYTHONPATH=/ros2_workspace/build/wall_following_pkg/prefix_override:/ros2_workspace/install/wall_following_pkg/lib/python3.8/site-packages:${PYTHONPATH} /usr/bin/python3 setup.py egg_info --egg-base ../../build/wall_following_pkg build --build-base /ros2_workspace/build/wall_following_pkg/build install --record /ros2_workspace/build/wall_following_pkg/install.log --install-scripts $base/lib/wall_following_pkg --single-version-externally-managed
[0.455s] running egg_info
[0.456s] creating ../../build/wall_following_pkg/wall_following_pkg.egg-info
[0.456s] writing ../../build/wall_following_pkg/wall_following_pkg.egg-info/PKG-INFO
[0.456s] writing dependency_links to ../../build/wall_following_pkg/wall_following_pkg.egg-info/dependency_links.txt
[0.456s] writing entry points to ../../build/wall_following_pkg/wall_following_pkg.egg-info/entry_points.txt
[0.456s] writing requirements to ../../build/wall_following_pkg/wall_following_pkg.egg-info/requires.txt
[0.456s] writing top-level names to ../../build/wall_following_pkg/wall_following_pkg.egg-info/top_level.txt
[0.457s] writing manifest file '../../build/wall_following_pkg/wall_following_pkg.egg-info/SOURCES.txt'
[0.477s] reading manifest file '../../build/wall_following_pkg/wall_following_pkg.egg-info/SOURCES.txt'
[0.478s] writing manifest file '../../build/wall_following_pkg/wall_following_pkg.egg-info/SOURCES.txt'
[0.478s] running build
[0.478s] running build_py
[0.478s] creating /ros2_workspace/build/wall_following_pkg/build
[0.478s] creating /ros2_workspace/build/wall_following_pkg/build/lib
[0.478s] creating /ros2_workspace/build/wall_following_pkg/build/lib/wall_following_pkg
[0.478s] copying wall_following_pkg/control_node.py -> /ros2_workspace/build/wall_following_pkg/build/lib/wall_following_pkg
[0.478s] copying wall_following_pkg/__init__.py -> /ros2_workspace/build/wall_following_pkg/build/lib/wall_following_pkg
[0.478s] copying wall_following_pkg/lidar_processing_node.py -> /ros2_workspace/build/wall_following_pkg/build/lib/wall_following_pkg
[0.478s] running install
[0.478s] running install_lib
[0.479s] creating /ros2_workspace/install/wall_following_pkg/lib/python3.8/site-packages/wall_following_pkg
[0.479s] copying /ros2_workspace/build/wall_following_pkg/build/lib/wall_following_pkg/control_node.py -> /ros2_workspace/install/wall_following_pkg/lib/python3.8/site-packages/wall_following_pkg
[0.479s] copying /ros2_workspace/build/wall_following_pkg/build/lib/wall_following_pkg/__init__.py -> /ros2_workspace/install/wall_following_pkg/lib/python3.8/site-packages/wall_following_pkg
[0.479s] copying /ros2_workspace/build/wall_following_pkg/build/lib/wall_following_pkg/lidar_processing_node.py -> /ros2_workspace/install/wall_following_pkg/lib/python3.8/site-packages/wall_following_pkg
[0.479s] byte-compiling /ros2_workspace/install/wall_following_pkg/lib/python3.8/site-packages/wall_following_pkg/control_node.py to control_node.cpython-38.pyc
[0.480s] byte-compiling /ros2_workspace/install/wall_following_pkg/lib/python3.8/site-packages/wall_following_pkg/__init__.py to __init__.cpython-38.pyc
[0.480s] byte-compiling /ros2_workspace/install/wall_following_pkg/lib/python3.8/site-packages/wall_following_pkg/lidar_processing_node.py to lidar_processing_node.cpython-38.pyc
[0.481s] running install_data
[0.481s] creating /ros2_workspace/install/wall_following_pkg/share/ament_index
[0.481s] creating /ros2_workspace/install/wall_following_pkg/share/ament_index/resource_index
[0.481s] creating /ros2_workspace/install/wall_following_pkg/share/ament_index/resource_index/packages
[0.481s] copying resource/wall_following_pkg -> /ros2_workspace/install/wall_following_pkg/share/ament_index/resource_index/packages
[0.481s] copying package.xml -> /ros2_workspace/install/wall_following_pkg/share/wall_following_pkg
[0.481s] creating /ros2_workspace/install/wall_following_pkg/share/wall_following_pkg/launch
[0.481s] copying launch/wall_following_launch.py -> /ros2_workspace/install/wall_following_pkg/share/wall_following_pkg/launch
[0.481s] running install_egg_info
[0.482s] Copying ../../build/wall_following_pkg/wall_following_pkg.egg-info to /ros2_workspace/install/wall_following_pkg/lib/python3.8/site-packages/wall_following_pkg-0.0.0-py3.8.egg-info
[0.482s] running install_scripts
[0.493s] Installing control_node script to /ros2_workspace/install/wall_following_pkg/lib/wall_following_pkg
[0.493s] Installing lidar_processing_node script to /ros2_workspace/install/wall_following_pkg/lib/wall_following_pkg
[0.493s] writing list of installed files to '/ros2_workspace/build/wall_following_pkg/install.log'
[0.504s] Invoked command in '/ros2_workspace/src/wall_following_pkg' returned '0': PYTHONPATH=/ros2_workspace/build/wall_following_pkg/prefix_override:/ros2_workspace/install/wall_following_pkg/lib/python3.8/site-packages:${PYTHONPATH} /usr/bin/python3 setup.py egg_info --egg-base ../../build/wall_following_pkg build --build-base /ros2_workspace/build/wall_following_pkg/build install --record /ros2_workspace/build/wall_following_pkg/install.log --install-scripts $base/lib/wall_following_pkg --single-version-externally-managed
