[0.416s] Invoking command in '/ros2_workspace/src/wall_following_pkg': PYTHONPATH=/ros2_workspace/build/wall_following_pkg/prefix_override:/ros2_workspace/install/wall_following_pkg/lib/python3.8/site-packages:${PYTHONPATH} /usr/bin/python3 setup.py egg_info --egg-base ../../build/wall_following_pkg build --build-base /ros2_workspace/build/wall_following_pkg/build install --record /ros2_workspace/build/wall_following_pkg/install.log --install-scripts $base/lib/wall_following_pkg --single-version-externally-managed
[0.567s] running egg_info
[0.567s] writing ../../build/wall_following_pkg/wall_following_pkg.egg-info/PKG-INFO
[0.567s] writing dependency_links to ../../build/wall_following_pkg/wall_following_pkg.egg-info/dependency_links.txt
[0.567s] writing entry points to ../../build/wall_following_pkg/wall_following_pkg.egg-info/entry_points.txt
[0.567s] writing requirements to ../../build/wall_following_pkg/wall_following_pkg.egg-info/requires.txt
[0.567s] writing top-level names to ../../build/wall_following_pkg/wall_following_pkg.egg-info/top_level.txt
[0.597s] reading manifest file '../../build/wall_following_pkg/wall_following_pkg.egg-info/SOURCES.txt'
[0.598s] writing manifest file '../../build/wall_following_pkg/wall_following_pkg.egg-info/SOURCES.txt'
[0.598s] running build
[0.598s] running build_py
[0.598s] copying wall_following_pkg/control_node.py -> /ros2_workspace/build/wall_following_pkg/build/lib/wall_following_pkg
[0.598s] running install
[0.599s] running install_lib
[0.600s] copying /ros2_workspace/build/wall_following_pkg/build/lib/wall_following_pkg/control_node.py -> /ros2_workspace/install/wall_following_pkg/lib/python3.8/site-packages/wall_following_pkg
[0.600s] byte-compiling /ros2_workspace/install/wall_following_pkg/lib/python3.8/site-packages/wall_following_pkg/control_node.py to control_node.cpython-38.pyc
[0.602s] running install_data
[0.602s] running install_egg_info
[0.604s] removing '/ros2_workspace/install/wall_following_pkg/lib/python3.8/site-packages/wall_following_pkg-0.0.0-py3.8.egg-info' (and everything under it)
[0.604s] Copying ../../build/wall_following_pkg/wall_following_pkg.egg-info to /ros2_workspace/install/wall_following_pkg/lib/python3.8/site-packages/wall_following_pkg-0.0.0-py3.8.egg-info
[0.604s] running install_scripts
[0.620s] Installing control_node script to /ros2_workspace/install/wall_following_pkg/lib/wall_following_pkg
[0.620s] Installing lidar_processing_node script to /ros2_workspace/install/wall_following_pkg/lib/wall_following_pkg
[0.620s] writing list of installed files to '/ros2_workspace/build/wall_following_pkg/install.log'
[0.637s] Invoked command in '/ros2_workspace/src/wall_following_pkg' returned '0': PYTHONPATH=/ros2_workspace/build/wall_following_pkg/prefix_override:/ros2_workspace/install/wall_following_pkg/lib/python3.8/site-packages:${PYTHONPATH} /usr/bin/python3 setup.py egg_info --egg-base ../../build/wall_following_pkg build --build-base /ros2_workspace/build/wall_following_pkg/build install --record /ros2_workspace/build/wall_following_pkg/install.log --install-scripts $base/lib/wall_following_pkg --single-version-externally-managed
