running egg_info
writing ../../build/wall_following_pkg/wall_following_pkg.egg-info/PKG-INFO
writing dependency_links to ../../build/wall_following_pkg/wall_following_pkg.egg-info/dependency_links.txt
writing entry points to ../../build/wall_following_pkg/wall_following_pkg.egg-info/entry_points.txt
writing requirements to ../../build/wall_following_pkg/wall_following_pkg.egg-info/requires.txt
writing top-level names to ../../build/wall_following_pkg/wall_following_pkg.egg-info/top_level.txt
reading manifest file '../../build/wall_following_pkg/wall_following_pkg.egg-info/SOURCES.txt'
writing manifest file '../../build/wall_following_pkg/wall_following_pkg.egg-info/SOURCES.txt'
running build
running build_py
running install
running install_lib
running install_data
running install_egg_info
removing '/ros2_workspace/install/wall_following_pkg/lib/python3.8/site-packages/wall_following_pkg-0.0.0-py3.8.egg-info' (and everything under it)
Copying ../../build/wall_following_pkg/wall_following_pkg.egg-info to /ros2_workspace/install/wall_following_pkg/lib/python3.8/site-packages/wall_following_pkg-0.0.0-py3.8.egg-info
running install_scripts
Installing control_node script to /ros2_workspace/install/wall_following_pkg/lib/wall_following_pkg
Installing lidar_processing_node script to /ros2_workspace/install/wall_following_pkg/lib/wall_following_pkg
writing list of installed files to '/ros2_workspace/build/wall_following_pkg/install.log'
